{"C:\\dev\\himba\\himba-front\\src\\lib\\auth\\applyAuthLoginResponse.ts": {"path":"C:\\dev\\himba\\himba-front\\src\\lib\\auth\\applyAuthLoginResponse.ts","statementMap":{"0":{"start":{"line":15,"column":17},"end":{"line":15,"column":56}},"1":{"start":{"line":16,"column":2},"end":{"line":16,"column":45}},"2":{"start":{"line":23,"column":17},"end":{"line":23,"column":45}},"3":{"start":{"line":24,"column":2},"end":{"line":26,"column":3}},"4":{"start":{"line":25,"column":4},"end":{"line":25,"column":17}},"5":{"start":{"line":28,"column":2},"end":{"line":31,"column":5}},"6":{"start":{"line":32,"column":2},"end":{"line":32,"column":50}},"7":{"start":{"line":33,"column":2},"end":{"line":33,"column":14}}},"fnMap":{"0":{"name":"parseAuthLoginResponse","decl":{"start":{"line":12,"column":16},"end":{"line":12,"column":38}},"loc":{"start":{"line":14,"column":28},"end":{"line":17,"column":1}},"line":14},"1":{"name":"applyAuthLoginResponse","decl":{"start":{"line":19,"column":22},"end":{"line":19,"column":44}},"loc":{"start":{"line":22,"column":20},"end":{"line":34,"column":1}},"line":22}},"branchMap":{"0":{"loc":{"start":{"line":16,"column":9},"end":{"line":16,"column":44}},"type":"cond-expr","locations":[{"start":{"line":16,"column":26},"end":{"line":16,"column":37}},{"start":{"line":16,"column":40},"end":{"line":16,"column":44}}],"line":16},"1":{"loc":{"start":{"line":24,"column":2},"end":{"line":26,"column":3}},"type":"if","locations":[{"start":{"line":24,"column":2},"end":{"line":26,"column":3}},{"start":{},"end":{}}],"line":24}},"s":{"0":4,"1":4,"2":2,"3":2,"4":1,"5":1,"6":1,"7":1},"f":{"0":4,"1":2},"b":{"0":[2,2],"1":[1,1]},"_coverageSchema":"1a1c01bbd47fc00a2c39e90264f33305004495a9","hash":"429e61c8697ae1f1c26e4e668d4137b0e6b96c39"}
,"C:\\dev\\himba\\himba-front\\src\\lib\\auth\\refreshAccessToken.ts": {"path":"C:\\dev\\himba\\himba-front\\src\\lib\\auth\\refreshAccessToken.ts","statementMap":{"0":{"start":{"line":7,"column":16},"end":{"line":7,"column":74}},"1":{"start":{"line":12,"column":23},"end":{"line":12,"column":46}},"2":{"start":{"line":13,"column":2},"end":{"line":15,"column":3}},"3":{"start":{"line":14,"column":4},"end":{"line":14,"column":17}},"4":{"start":{"line":17,"column":2},"end":{"line":41,"column":3}},"5":{"start":{"line":18,"column":21},"end":{"line":25,"column":6}},"6":{"start":{"line":27,"column":4},"end":{"line":29,"column":5}},"7":{"start":{"line":28,"column":6},"end":{"line":28,"column":19}},"8":{"start":{"line":31,"column":26},"end":{"line":31,"column":47}},"9":{"start":{"line":32,"column":19},"end":{"line":32,"column":51}},"10":{"start":{"line":33,"column":4},"end":{"line":35,"column":5}},"11":{"start":{"line":34,"column":6},"end":{"line":34,"column":19}},"12":{"start":{"line":37,"column":4},"end":{"line":37,"column":33}},"13":{"start":{"line":38,"column":4},"end":{"line":38,"column":16}},"14":{"start":{"line":40,"column":4},"end":{"line":40,"column":17}}},"fnMap":{"0":{"name":"refreshAccessToken","decl":{"start":{"line":9,"column":22},"end":{"line":9,"column":40}},"loc":{"start":{"line":11,"column":20},"end":{"line":42,"column":1}},"line":11}},"branchMap":{"0":{"loc":{"start":{"line":7,"column":16},"end":{"line":7,"column":74}},"type":"binary-expr","locations":[{"start":{"line":7,"column":16},"end":{"line":7,"column":47}},{"start":{"line":7,"column":51},"end":{"line":7,"column":74}}],"line":7},"1":{"loc":{"start":{"line":10,"column":2},"end":{"line":10,"column":33}},"type":"default-arg","locations":[{"start":{"line":10,"column":28},"end":{"line":10,"column":33}}],"line":10},"2":{"loc":{"start":{"line":13,"column":2},"end":{"line":15,"column":3}},"type":"if","locations":[{"start":{"line":13,"column":2},"end":{"line":15,"column":3}},{"start":{},"end":{}}],"line":13},"3":{"loc":{"start":{"line":27,"column":4},"end":{"line":29,"column":5}},"type":"if","locations":[{"start":{"line":27,"column":4},"end":{"line":29,"column":5}},{"start":{},"end":{}}],"line":27},"4":{"loc":{"start":{"line":33,"column":4},"end":{"line":35,"column":5}},"type":"if","locations":[{"start":{"line":33,"column":4},"end":{"line":35,"column":5}},{"start":{},"end":{}}],"line":33}},"s":{"0":1,"1":5,"2":5,"3":1,"4":4,"5":4,"6":3,"7":1,"8":2,"9":2,"10":2,"11":1,"12":1,"13":1,"14":1},"f":{"0":5},"b":{"0":[1,1],"1":[0],"2":[1,4],"3":[1,2],"4":[1,1]},"_coverageSchema":"1a1c01bbd47fc00a2c39e90264f33305004495a9","hash":"b6ef822f6c567b5db5d186d5e9354b362ab4784e"}
,"C:\\dev\\himba\\himba-front\\src\\lib\\auth\\tokenStorage.ts": {"path":"C:\\dev\\himba\\himba-front\\src\\lib\\auth\\tokenStorage.ts","statementMap":{"0":{"start":{"line":7,"column":19},"end":{"line":7,"column":38}},"1":{"start":{"line":8,"column":20},"end":{"line":8,"column":40}},"2":{"start":{"line":16,"column":2},"end":{"line":16,"column":46}},"3":{"start":{"line":20,"column":2},"end":{"line":20,"column":47}},"4":{"start":{"line":25,"column":2},"end":{"line":25,"column":65}},"5":{"start":{"line":26,"column":2},"end":{"line":26,"column":67}},"6":{"start":{"line":31,"column":2},"end":{"line":31,"column":48}},"7":{"start":{"line":32,"column":2},"end":{"line":32,"column":49}}},"fnMap":{"0":{"name":"getAccessToken","decl":{"start":{"line":15,"column":22},"end":{"line":15,"column":36}},"loc":{"start":{"line":15,"column":63},"end":{"line":17,"column":1}},"line":15},"1":{"name":"getRefreshToken","decl":{"start":{"line":19,"column":22},"end":{"line":19,"column":37}},"loc":{"start":{"line":19,"column":64},"end":{"line":21,"column":1}},"line":19},"2":{"name":"setTokens","decl":{"start":{"line":23,"column":22},"end":{"line":23,"column":31}},"loc":{"start":{"line":23,"column":67},"end":{"line":27,"column":1}},"line":23},"3":{"name":"clearTokens","decl":{"start":{"line":29,"column":22},"end":{"line":29,"column":33}},"loc":{"start":{"line":29,"column":51},"end":{"line":33,"column":1}},"line":29}},"branchMap":{},"s":{"0":3,"1":3,"2":1,"3":6,"4":3,"5":3,"6":1,"7":1},"f":{"0":1,"1":6,"2":3,"3":1},"b":{},"_coverageSchema":"1a1c01bbd47fc00a2c39e90264f33305004495a9","hash":"11f777217d9a02f72aadbf0baeb59539ae45be17"}
,"C:\\dev\\himba\\himba-front\\src\\lib\\errors\\apiError.ts": {"path":"C:\\dev\\himba\\himba-front\\src\\lib\\errors\\apiError.ts","statementMap":{"0":{"start":{"line":10,"column":2},"end":{"line":12,"column":3}},"1":{"start":{"line":11,"column":4},"end":{"line":11,"column":20}},"2":{"start":{"line":14,"column":16},"end":{"line":18,"column":3}},"3":{"start":{"line":20,"column":14},"end":{"line":20,"column":33}},"4":{"start":{"line":21,"column":2},"end":{"line":23,"column":3}},"5":{"start":{"line":22,"column":4},"end":{"line":22,"column":15}},"6":{"start":{"line":24,"column":2},"end":{"line":26,"column":3}},"7":{"start":{"line":25,"column":4},"end":{"line":25,"column":18}},"8":{"start":{"line":28,"column":2},"end":{"line":30,"column":3}},"9":{"start":{"line":29,"column":4},"end":{"line":29,"column":55}},"10":{"start":{"line":31,"column":2},"end":{"line":33,"column":3}},"11":{"start":{"line":32,"column":4},"end":{"line":32,"column":26}},"12":{"start":{"line":34,"column":2},"end":{"line":36,"column":3}},"13":{"start":{"line":35,"column":4},"end":{"line":35,"column":51}},"14":{"start":{"line":38,"column":2},"end":{"line":38,"column":18}}},"fnMap":{"0":{"name":"getErrorMessage","decl":{"start":{"line":9,"column":16},"end":{"line":9,"column":31}},"loc":{"start":{"line":9,"column":94},"end":{"line":39,"column":1}},"line":9}},"branchMap":{"0":{"loc":{"start":{"line":9,"column":48},"end":{"line":9,"column":84}},"type":"default-arg","locations":[{"start":{"line":9,"column":59},"end":{"line":9,"column":84}}],"line":9},"1":{"loc":{"start":{"line":10,"column":2},"end":{"line":12,"column":3}},"type":"if","locations":[{"start":{"line":10,"column":2},"end":{"line":12,"column":3}},{"start":{},"end":{}}],"line":10},"2":{"loc":{"start":{"line":10,"column":6},"end":{"line":10,"column":49}},"type":"binary-expr","locations":[{"start":{"line":10,"column":6},"end":{"line":10,"column":31}},{"start":{"line":10,"column":35},"end":{"line":10,"column":49}}],"line":10},"3":{"loc":{"start":{"line":21,"column":2},"end":{"line":23,"column":3}},"type":"if","locations":[{"start":{"line":21,"column":2},"end":{"line":23,"column":3}},{"start":{},"end":{}}],"line":21},"4":{"loc":{"start":{"line":21,"column":6},"end":{"line":21,"column":54}},"type":"binary-expr","locations":[{"start":{"line":21,"column":6},"end":{"line":21,"column":29}},{"start":{"line":21,"column":33},"end":{"line":21,"column":54}}],"line":21},"5":{"loc":{"start":{"line":24,"column":2},"end":{"line":26,"column":3}},"type":"if","locations":[{"start":{"line":24,"column":2},"end":{"line":26,"column":3}},{"start":{},"end":{}}],"line":24},"6":{"loc":{"start":{"line":24,"column":6},"end":{"line":24,"column":72}},"type":"binary-expr","locations":[{"start":{"line":24,"column":6},"end":{"line":24,"column":24}},{"start":{"line":24,"column":28},"end":{"line":24,"column":42}},{"start":{"line":24,"column":46},"end":{"line":24,"column":72}}],"line":24},"7":{"loc":{"start":{"line":28,"column":2},"end":{"line":30,"column":3}},"type":"if","locations":[{"start":{"line":28,"column":2},"end":{"line":30,"column":3}},{"start":{},"end":{}}],"line":28},"8":{"loc":{"start":{"line":31,"column":2},"end":{"line":33,"column":3}},"type":"if","locations":[{"start":{"line":31,"column":2},"end":{"line":33,"column":3}},{"start":{},"end":{}}],"line":31},"9":{"loc":{"start":{"line":34,"column":2},"end":{"line":36,"column":3}},"type":"if","locations":[{"start":{"line":34,"column":2},"end":{"line":36,"column":3}},{"start":{},"end":{}}],"line":34}},"s":{"0":6,"1":1,"2":5,"3":5,"4":5,"5":1,"6":4,"7":1,"8":3,"9":1,"10":2,"11":1,"12":1,"13":1,"14":0},"f":{"0":6},"b":{"0":[6],"1":[1,5],"2":[6,6],"3":[1,4],"4":[5,1],"5":[1,3],"6":[4,1,1],"7":[1,2],"8":[1,1],"9":[1,0]},"_coverageSchema":"1a1c01bbd47fc00a2c39e90264f33305004495a9","hash":"3b17583ea2e7602be8db5b1c61bdc57d2583aaa6"}
,"C:\\dev\\himba\\himba-front\\src\\schemas\\auth.ts": {"path":"C:\\dev\\himba\\himba-front\\src\\schemas\\auth.ts","statementMap":{"0":{"start":{"line":6,"column":30},"end":{"line":6,"column":69}},"1":{"start":{"line":7,"column":32},"end":{"line":7,"column":74}},"2":{"start":{"line":9,"column":30},"end":{"line":23,"column":2}},"3":{"start":{"line":18,"column":4},"end":{"line":18,"column":47}},"4":{"start":{"line":21,"column":4},"end":{"line":21,"column":47}},"5":{"start":{"line":25,"column":32},"end":{"line":28,"column":2}},"6":{"start":{"line":30,"column":39},"end":{"line":33,"column":2}},"7":{"start":{"line":35,"column":31},"end":{"line":38,"column":2}},"8":{"start":{"line":40,"column":34},"end":{"line":52,"column":2}}},"fnMap":{"0":{"name":"(anonymous_0)","decl":{"start":{"line":17,"column":62},"end":{"line":17,"column":63}},"loc":{"start":{"line":18,"column":4},"end":{"line":18,"column":47}},"line":18},"1":{"name":"(anonymous_1)","decl":{"start":{"line":20,"column":62},"end":{"line":20,"column":63}},"loc":{"start":{"line":21,"column":4},"end":{"line":21,"column":47}},"line":21}},"branchMap":{"0":{"loc":{"start":{"line":18,"column":4},"end":{"line":18,"column":47}},"type":"cond-expr","locations":[{"start":{"line":18,"column":28},"end":{"line":18,"column":29}},{"start":{"line":18,"column":32},"end":{"line":18,"column":47}}],"line":18},"1":{"loc":{"start":{"line":21,"column":4},"end":{"line":21,"column":47}},"type":"cond-expr","locations":[{"start":{"line":21,"column":28},"end":{"line":21,"column":29}},{"start":{"line":21,"column":32},"end":{"line":21,"column":47}}],"line":21}},"s":{"0":3,"1":3,"2":3,"3":4,"4":4,"5":3,"6":3,"7":3,"8":3},"f":{"0":4,"1":4},"b":{"0":[4,0],"1":[4,0]},"_coverageSchema":"1a1c01bbd47fc00a2c39e90264f33305004495a9","hash":"d8fef8ae28c7b61a5ef2ccf694e054380992d9f0"}
,"C:\\dev\\himba\\himba-front\\src\\schemas\\tracks.ts": {"path":"C:\\dev\\himba\\himba-front\\src\\schemas\\tracks.ts","statementMap":{"0":{"start":{"line":6,"column":33},"end":{"line":9,"column":2}},"1":{"start":{"line":11,"column":27},"end":{"line":22,"column":2}},"2":{"start":{"line":24,"column":31},"end":{"line":27,"column":2}},"3":{"start":{"line":29,"column":37},"end":{"line":29,"column":57}}},"fnMap":{},"branchMap":{},"s":{"0":1,"1":1,"2":1,"3":1},"f":{},"b":{},"_coverageSchema":"1a1c01bbd47fc00a2c39e90264f33305004495a9","hash":"39d1c73867f37ad9e4a0b752662f4efbc34bc004"}
,"C:\\dev\\himba\\himba-front\\src\\store\\slices\\authSlice.ts": {"path":"C:\\dev\\himba\\himba-front\\src\\store\\slices\\authSlice.ts","statementMap":{"0":{"start":{"line":15,"column":32},"end":{"line":20,"column":1}},"1":{"start":{"line":22,"column":18},"end":{"line":43,"column":2}},"2":{"start":{"line":27,"column":6},"end":{"line":27,"column":39}},"3":{"start":{"line":28,"column":6},"end":{"line":28,"column":35}},"4":{"start":{"line":29,"column":6},"end":{"line":29,"column":30}},"5":{"start":{"line":32,"column":6},"end":{"line":32,"column":40}},"6":{"start":{"line":35,"column":6},"end":{"line":35,"column":39}},"7":{"start":{"line":38,"column":6},"end":{"line":38,"column":24}},"8":{"start":{"line":39,"column":6},"end":{"line":39,"column":36}},"9":{"start":{"line":40,"column":6},"end":{"line":40,"column":30}},"10":{"start":{"line":46,"column":2},"end":{"line":46,"column":19}},"11":{"start":{"line":47,"column":27},"end":{"line":47,"column":44}}},"fnMap":{"0":{"name":"(anonymous_0)","decl":{"start":{"line":26,"column":4},"end":{"line":26,"column":5}},"loc":{"start":{"line":26,"column":69},"end":{"line":30,"column":5}},"line":26},"1":{"name":"(anonymous_1)","decl":{"start":{"line":31,"column":4},"end":{"line":31,"column":5}},"loc":{"start":{"line":31,"column":55},"end":{"line":33,"column":5}},"line":31},"2":{"name":"(anonymous_2)","decl":{"start":{"line":34,"column":4},"end":{"line":34,"column":5}},"loc":{"start":{"line":34,"column":54},"end":{"line":36,"column":5}},"line":34},"3":{"name":"(anonymous_3)","decl":{"start":{"line":37,"column":4},"end":{"line":37,"column":5}},"loc":{"start":{"line":37,"column":28},"end":{"line":41,"column":5}},"line":37}},"branchMap":{},"s":{"0":2,"1":2,"2":2,"3":2,"4":2,"5":1,"6":1,"7":1,"8":1,"9":1,"10":2,"11":2},"f":{"0":2,"1":1,"2":1,"3":1},"b":{},"_coverageSchema":"1a1c01bbd47fc00a2c39e90264f33305004495a9","hash":"d8a16b9c8f38ba3ea3495275dd761fdcc93ed961"}
}
