TN:
SF:src\lib\auth\applyAuthLoginResponse.ts
FN:12,parseAuthLoginResponse
FN:19,applyAuthLoginResponse
FNF:2
FNH:2
FNDA:4,parseAuthLoginResponse
FNDA:2,applyAuthLoginResponse
DA:15,4
DA:16,4
DA:23,2
DA:24,2
DA:25,1
DA:28,1
DA:32,1
DA:33,1
LF:8
LH:8
BRDA:16,0,0,2
BRDA:16,0,1,2
BRDA:24,1,0,1
BRDA:24,1,1,1
BRF:4
BRH:4
end_of_record
TN:
SF:src\lib\auth\refreshAccessToken.ts
FN:9,refreshAccessToken
FNF:1
FNH:1
FNDA:5,refreshAccessToken
DA:7,1
DA:12,5
DA:13,5
DA:14,1
DA:17,4
DA:18,4
DA:27,3
DA:28,1
DA:31,2
DA:32,2
DA:33,2
DA:34,1
DA:37,1
DA:38,1
DA:40,1
LF:15
LH:15
BRDA:7,0,0,1
BRDA:7,0,1,1
BRDA:10,1,0,0
BRDA:13,2,0,1
BRDA:13,2,1,4
BRDA:27,3,0,1
BRDA:27,3,1,2
BRDA:33,4,0,1
BRDA:33,4,1,1
BRF:9
BRH:8
end_of_record
TN:
SF:src\lib\auth\tokenStorage.ts
FN:15,getAccessToken
FN:19,getRefreshToken
FN:23,setTokens
FN:29,clearTokens
FNF:4
FNH:4
FNDA:1,getAccessToken
FNDA:6,getRefreshToken
FNDA:3,setTokens
FNDA:1,clearTokens
DA:7,3
DA:8,3
DA:16,1
DA:20,6
DA:25,3
DA:26,3
DA:31,1
DA:32,1
LF:8
LH:8
BRF:0
BRH:0
end_of_record
TN:
SF:src\lib\errors\apiError.ts
FN:9,getErrorMessage
FNF:1
FNH:1
FNDA:6,getErrorMessage
DA:10,6
DA:11,1
DA:14,5
DA:20,5
DA:21,5
DA:22,1
DA:24,4
DA:25,1
DA:28,3
DA:29,1
DA:31,2
DA:32,1
DA:34,1
DA:35,1
DA:38,0
LF:15
LH:14
BRDA:9,0,0,6
BRDA:10,1,0,1
BRDA:10,1,1,5
BRDA:10,2,0,6
BRDA:10,2,1,6
BRDA:21,3,0,1
BRDA:21,3,1,4
BRDA:21,4,0,5
BRDA:21,4,1,1
BRDA:24,5,0,1
BRDA:24,5,1,3
BRDA:24,6,0,4
BRDA:24,6,1,1
BRDA:24,6,2,1
BRDA:28,7,0,1
BRDA:28,7,1,2
BRDA:31,8,0,1
BRDA:31,8,1,1
BRDA:34,9,0,1
BRDA:34,9,1,0
BRF:20
BRH:19
end_of_record
TN:
SF:src\schemas\auth.ts
FN:17,(anonymous_0)
FN:20,(anonymous_1)
FNF:2
FNH:2
FNDA:4,(anonymous_0)
FNDA:4,(anonymous_1)
DA:6,3
DA:7,3
DA:9,3
DA:18,4
DA:21,4
DA:25,3
DA:30,3
DA:35,3
DA:40,3
LF:9
LH:9
BRDA:18,0,0,4
BRDA:18,0,1,0
BRDA:21,1,0,4
BRDA:21,1,1,0
BRF:4
BRH:2
end_of_record
TN:
SF:src\schemas\tracks.ts
FNF:0
FNH:0
DA:6,1
DA:11,1
DA:24,1
DA:29,1
LF:4
LH:4
BRF:0
BRH:0
end_of_record
TN:
SF:src\store\slices\authSlice.ts
FN:26,(anonymous_0)
FN:31,(anonymous_1)
FN:34,(anonymous_2)
FN:37,(anonymous_3)
FNF:4
FNH:4
FNDA:2,(anonymous_0)
FNDA:1,(anonymous_1)
FNDA:1,(anonymous_2)
FNDA:1,(anonymous_3)
DA:15,2
DA:22,2
DA:27,2
DA:28,2
DA:29,2
DA:32,1
DA:35,1
DA:38,1
DA:39,1
DA:40,1
DA:46,2
DA:47,2
LF:12
LH:12
BRF:0
BRH:0
end_of_record
